  main.cpp
C:\Users\Vaibhav\Downloads\V4\NewProject\Assignment\source\ObjModelLoader.h(36,1): warning C4267: 'argument': conversion from 'size_t' to 'GLsizei', possible loss of data
C:\Users\Vaibhav\Downloads\V4\NewProject\Assignment\source\main.cpp(330,1): warning C4267: 'argument': conversion from 'size_t' to 'GLsizei', possible loss of data
C:\Users\Vaibhav\Downloads\V4\NewProject\Assignment\source\main.cpp(576,17): warning C4244: '=': conversion from 'double' to 'float', possible loss of data
C:\Users\Vaibhav\Downloads\V4\NewProject\Assignment\source\main.cpp(577,17): warning C4244: '=': conversion from 'double' to 'float', possible loss of data
C:\Users\Vaibhav\Downloads\V4\NewProject\Assignment\source\main.cpp(581,19): warning C4244: 'initializing': conversion from 'double' to 'float', possible loss of data
C:\Users\Vaibhav\Downloads\V4\NewProject\Assignment\source\main.cpp(582,19): warning C4244: 'initializing': conversion from 'double' to 'float', possible loss of data
C:\Users\Vaibhav\Downloads\V4\NewProject\Assignment\source\main.cpp(583,13): warning C4244: '=': conversion from 'double' to 'float', possible loss of data
C:\Users\Vaibhav\Downloads\V4\NewProject\Assignment\source\main.cpp(584,13): warning C4244: '=': conversion from 'double' to 'float', possible loss of data
C:\Users\Vaibhav\Downloads\V4\NewProject\Assignment\source\main.cpp(747,30): warning C4305: 'initializing': truncation from 'double' to 'float'
C:\Users\Vaibhav\Downloads\V4\NewProject\Assignment\source\main.cpp(748,28): warning C4244: 'initializing': conversion from 'double' to 'float', possible loss of data
C:\Users\Vaibhav\Downloads\V4\NewProject\Assignment\source\main.cpp(749,32): warning C4244: 'initializing': conversion from 'double' to 'float', possible loss of data
C:\Users\Vaibhav\Downloads\V4\NewProject\Assignment\source\main.cpp(1102,28): warning C4244: 'initializing': conversion from 'double' to 'float', possible loss of data
C:\Users\Vaibhav\Downloads\V4\NewProject\Assignment\source\main.cpp(1129,87): warning C4267: 'argument': conversion from 'size_t' to 'GLsizei', possible loss of data
C:\Users\Vaibhav\Downloads\V4\NewProject\Assignment\source\main.cpp(1169,72): warning C4267: 'argument': conversion from 'size_t' to 'GLsizei', possible loss of data
C:\Users\Vaibhav\Downloads\V4\NewProject\Assignment\source\main.cpp(1187,72): warning C4267: 'argument': conversion from 'size_t' to 'GLsizei', possible loss of data
C:\Users\Vaibhav\Downloads\V4\NewProject\Assignment\source\main.cpp(1204,72): warning C4267: 'argument': conversion from 'size_t' to 'GLsizei', possible loss of data
C:\Users\Vaibhav\Downloads\V4\NewProject\Assignment\source\main.cpp(1222,72): warning C4267: 'argument': conversion from 'size_t' to 'GLsizei', possible loss of data
C:\Users\Vaibhav\Downloads\V4\NewProject\Assignment\source\main.cpp(682): warning C4715: 'initialize': not all control paths return a value
LINK : warning LNK4098: defaultlib 'MSVCRT' conflicts with use of other libs; use /NODEFAULTLIB:library
  Assignment.vcxproj -> C:\Users\Vaibhav\Downloads\V4\NewProject\Assignment\x64\Debug\Assignment.exe
